<?xml version="1.0" encoding="UTF-8"?>
<testng-results ignored="0" total="1" passed="1" failed="0" skipped="0">
  <reporter-output>
  </reporter-output>
  <suite started-at="2023-03-14T16:38:19 IST" name="Default suite" finished-at="2023-03-14T16:38:36 IST" duration-ms="16380">
    <groups>
    </groups>
    <test started-at="2023-03-14T16:38:19 IST" name="Default test" finished-at="2023-03-14T16:38:36 IST" duration-ms="16380">
      <class name="practise.StartServer1">
        <test-method is-config="true" signature="serverStart()[pri:0, instance:practise.StartServer1@e350b40]" started-at="2023-03-14T16:38:19 IST" name="serverStart" finished-at="2023-03-14T16:38:36 IST" duration-ms="16175" status="PASS">
          <reporter-output>
          </reporter-output>
        </test-method> <!-- serverStart -->
        <test-method signature="startServ()[pri:0, instance:practise.StartServer1@e350b40]" started-at="2023-03-14T16:38:36 IST" name="startServ" finished-at="2023-03-14T16:38:36 IST" duration-ms="11" status="PASS">
          <reporter-output>
          </reporter-output>
        </test-method> <!-- startServ -->
        <test-method is-config="true" signature="stopServer()[pri:0, instance:practise.StartServer1@e350b40]" started-at="2023-03-14T16:38:36 IST" name="stopServer" finished-at="2023-03-14T16:38:36 IST" duration-ms="65" status="PASS">
          <reporter-output>
          </reporter-output>
        </test-method> <!-- stopServer -->
      </class> <!-- practise.StartServer1 -->
    </test> <!-- Default test -->
  </suite> <!-- Default suite -->
</testng-results>
